<?xml version="1.0" encoding="UTF-8"?>
<testsuite name="com.gildedrose.GildedRoseTest" tests="15" skipped="0" failures="2" errors="0" timestamp="2023-10-14T23:29:04" hostname="DESKTOP-QACEL36" time="0.111">
  <properties/>
  <testcase name="testNormalItemQualityDecreaseAfterSellIn()" classname="com.gildedrose.GildedRoseTest" time="0.045"/>
  <testcase name="Test that the name is unchanged" classname="com.gildedrose.GildedRoseTest" time="0.001"/>
  <testcase name="testConjuredItemQualityDecreaseSellInMoreThanZero()" classname="com.gildedrose.GildedRoseTest" time="0.022">
    <failure message="org.opentest4j.AssertionFailedError: expected: &lt;8&gt; but was: &lt;9&gt;" type="org.opentest4j.AssertionFailedError">org.opentest4j.AssertionFailedError: expected: &lt;8&gt; but was: &lt;9&gt;
	at app//org.junit.jupiter.api.AssertionFailureBuilder.build(AssertionFailureBuilder.java:151)
	at app//org.junit.jupiter.api.AssertionFailureBuilder.buildAndThrow(AssertionFailureBuilder.java:132)
	at app//org.junit.jupiter.api.AssertEquals.failNotEqual(AssertEquals.java:197)
	at app//org.junit.jupiter.api.AssertEquals.assertEquals(AssertEquals.java:150)
	at app//org.junit.jupiter.api.AssertEquals.assertEquals(AssertEquals.java:145)
	at app//org.junit.jupiter.api.Assertions.assertEquals(Assertions.java:527)
	at app//com.gildedrose.GildedRoseTest.testConjuredItemQualityDecreaseSellInMoreThanZero(GildedRoseTest.java:199)
	at java.base@17.0.8.1/java.lang.reflect.Method.invoke(Method.java:568)
	at java.base@17.0.8.1/java.util.ArrayList.forEach(ArrayList.java:1511)
	at java.base@17.0.8.1/java.util.ArrayList.forEach(ArrayList.java:1511)
</failure>
  </testcase>
  <testcase name="testToString()" classname="com.gildedrose.GildedRoseTest" time="0.014"/>
  <testcase name="testNotSulfurasHandOfRagnarosAfterSellInLessThanZeroAndQualityMoreThanZero()" classname="com.gildedrose.GildedRoseTest" time="0.002"/>
  <testcase name="testBackstageQualityIncreaseSellInLessThanSixAndQualityFifty()" classname="com.gildedrose.GildedRoseTest" time="0.001"/>
  <testcase name="testBackstageQualityIncreaseSellInMoreThanEleven()" classname="com.gildedrose.GildedRoseTest" time="0.001"/>
  <testcase name="testBackstagePassQualityAfterSellIn()" classname="com.gildedrose.GildedRoseTest" time="0.001"/>
  <testcase name="testAgedBrieQualityIncreaseAfterSellInAndQualityFifty()" classname="com.gildedrose.GildedRoseTest" time="0.001"/>
  <testcase name="testAgedBrieQualityIncreaseAfterSellIn()" classname="com.gildedrose.GildedRoseTest" time="0.001"/>
  <testcase name="testUpdateQuality()" classname="com.gildedrose.GildedRoseTest" time="0.001"/>
  <testcase name="ttestConjuredItemQualityDecreaseInLessThanZero()" classname="com.gildedrose.GildedRoseTest" time="0.002">
    <failure message="org.opentest4j.AssertionFailedError: expected: &lt;5&gt; but was: &lt;8&gt;" type="org.opentest4j.AssertionFailedError">org.opentest4j.AssertionFailedError: expected: &lt;5&gt; but was: &lt;8&gt;
	at app//org.junit.jupiter.api.AssertionFailureBuilder.build(AssertionFailureBuilder.java:151)
	at app//org.junit.jupiter.api.AssertionFailureBuilder.buildAndThrow(AssertionFailureBuilder.java:132)
	at app//org.junit.jupiter.api.AssertEquals.failNotEqual(AssertEquals.java:197)
	at app//org.junit.jupiter.api.AssertEquals.assertEquals(AssertEquals.java:150)
	at app//org.junit.jupiter.api.AssertEquals.assertEquals(AssertEquals.java:145)
	at app//org.junit.jupiter.api.Assertions.assertEquals(Assertions.java:527)
	at app//com.gildedrose.GildedRoseTest.ttestConjuredItemQualityDecreaseInLessThanZero(GildedRoseTest.java:212)
	at java.base@17.0.8.1/java.lang.reflect.Method.invoke(Method.java:568)
	at java.base@17.0.8.1/java.util.ArrayList.forEach(ArrayList.java:1511)
	at java.base@17.0.8.1/java.util.ArrayList.forEach(ArrayList.java:1511)
</failure>
  </testcase>
  <testcase name="testBackstageQualityIncreaseSellInMoreThanOne()" classname="com.gildedrose.GildedRoseTest" time="0.001"/>
  <testcase name="testBackstageQualityIncreaseSellInMoreThanSix()" classname="com.gildedrose.GildedRoseTest" time="0.001"/>
  <testcase name="testQualityNeverNegative()" classname="com.gildedrose.GildedRoseTest" time="0.002"/>
  <system-out><![CDATA[]]></system-out>
  <system-err><![CDATA[]]></system-err>
</testsuite>
